============================= test session starts =============================
platform win32 -- Python 3.11.0, pytest-9.0.3, pluggy-1.6.0 -- c:\Users\gonza\OneDrive\Desktop\CodePath\Unit-1\ai110-module1show-gameglitchinvestigator-starter\.venv\Scripts\python.exe
cachedir: .pytest_cache
rootdir: C:\Users\gonza\OneDrive\Desktop\CodePath\Unit-1\ai110-module1show-gameglitchinvestigator-starter
plugins: anyio-4.13.0
collecting ... collected 35 items

tests/test_game_logic.py::test_difficulty_easy PASSED                    [  2%]
tests/test_game_logic.py::test_difficulty_normal PASSED                  [  5%]
tests/test_game_logic.py::test_difficulty_hard_is_wider_than_normal PASSED [  8%]
tests/test_game_logic.py::test_difficulty_hard_range PASSED              [ 11%]
tests/test_game_logic.py::test_difficulty_unknown_returns_default PASSED [ 14%]
tests/test_game_logic.py::test_parse_guess_valid_integer PASSED          [ 17%]
tests/test_game_logic.py::test_parse_guess_decimal_rounds_to_int PASSED  [ 20%]
tests/test_game_logic.py::test_parse_guess_empty_string PASSED           [ 22%]
tests/test_game_logic.py::test_parse_guess_none PASSED                   [ 25%]
tests/test_game_logic.py::test_parse_guess_non_numeric PASSED            [ 28%]
tests/test_game_logic.py::test_parse_guess_zero PASSED                   [ 31%]
tests/test_game_logic.py::test_parse_guess_negative_number PASSED        [ 34%]
tests/test_game_logic.py::test_parse_guess_special_characters PASSED     [ 37%]
tests/test_game_logic.py::test_parse_guess_large_number PASSED           [ 40%]
tests/test_game_logic.py::test_parse_guess_returns_error_message_on_failure PASSED [ 42%]
tests/test_game_logic.py::test_check_guess_win PASSED                    [ 45%]
tests/test_game_logic.py::test_check_guess_too_high_outcome PASSED       [ 48%]
tests/test_game_logic.py::test_check_guess_too_high_hint_says_lower PASSED [ 51%]
tests/test_game_logic.py::test_check_guess_too_low_outcome PASSED        [ 54%]
tests/test_game_logic.py::test_check_guess_too_low_hint_says_higher PASSED [ 57%]
tests/test_game_logic.py::test_check_guess_secret_always_int PASSED      [ 60%]
tests/test_game_logic.py::test_check_guess_one_above_secret PASSED       [ 62%]
tests/test_game_logic.py::test_check_guess_one_below_secret PASSED       [ 65%]
tests/test_game_logic.py::test_check_guess_at_range_minimum PASSED       [ 68%]
tests/test_game_logic.py::test_check_guess_large_values PASSED           [ 71%]
tests/test_game_logic.py::test_update_score_win_first_attempt PASSED     [ 74%]
tests/test_game_logic.py::test_update_score_win_minimum_points PASSED    [ 77%]
tests/test_game_logic.py::test_update_score_too_high_deducts_points PASSED [ 80%]
tests/test_game_logic.py::test_update_score_too_high_even_attempt_no_bonus PASSED [ 82%]
tests/test_game_logic.py::test_update_score_too_high_odd_attempt_deducts PASSED [ 85%]
tests/test_game_logic.py::test_update_score_too_low_deducts_points PASSED [ 88%]
tests/test_game_logic.py::test_update_score_unknown_outcome_unchanged PASSED [ 91%]
tests/test_game_logic.py::test_update_score_score_can_go_negative PASSED [ 94%]
tests/test_game_logic.py::test_update_score_win_at_minimum_clamp_boundary PASSED [ 97%]
tests/test_game_logic.py::test_update_score_win_just_above_minimum PASSED [100%]

============================= 35 passed in 0.04s ==============================
